2025-11-16 15:10:33.535 | INFO     | main:<module>:28 - Model API service starting up...
2025-11-16 15:10:33.535 | WARNING  | main:<module>:33 - Input file /app/data/processed/posts.parquet not found. Waiting 10 seconds for preprocess service...
2025-11-16 15:10:43.542 | WARNING  | main:<module>:33 - Input file /app/data/processed/posts.parquet not found. Waiting 10 seconds for preprocess service...
2025-11-16 15:10:53.546 | WARNING  | main:<module>:33 - Input file /app/data/processed/posts.parquet not found. Waiting 10 seconds for preprocess service...
2025-11-16 15:11:03.545 | WARNING  | main:<module>:33 - Input file /app/data/processed/posts.parquet not found. Waiting 10 seconds for preprocess service...
2025-11-16 15:11:13.550 | WARNING  | main:<module>:33 - Input file /app/data/processed/posts.parquet not found. Waiting 10 seconds for preprocess service...
2025-11-16 15:11:23.555 | WARNING  | main:<module>:33 - Input file /app/data/processed/posts.parquet not found. Waiting 10 seconds for preprocess service...
2025-11-16 15:11:33.563 | WARNING  | main:<module>:33 - Input file /app/data/processed/posts.parquet not found. Waiting 10 seconds for preprocess service...
2025-11-16 15:11:43.566 | WARNING  | main:<module>:33 - Input file /app/data/processed/posts.parquet not found. Waiting 10 seconds for preprocess service...
2025-11-16 15:11:53.574 | WARNING  | main:<module>:33 - Input file /app/data/processed/posts.parquet not found. Waiting 10 seconds for preprocess service...
2025-11-16 15:12:03.577 | WARNING  | main:<module>:33 - Input file /app/data/processed/posts.parquet not found. Waiting 10 seconds for preprocess service...
2025-11-16 15:12:13.579 | WARNING  | main:<module>:33 - Input file /app/data/processed/posts.parquet not found. Waiting 10 seconds for preprocess service...
2025-11-16 15:12:23.586 | WARNING  | main:<module>:33 - Input file /app/data/processed/posts.parquet not found. Waiting 10 seconds for preprocess service...
2025-11-16 15:12:33.593 | WARNING  | main:<module>:33 - Input file /app/data/processed/posts.parquet not found. Waiting 10 seconds for preprocess service...
2025-11-16 15:12:43.597 | WARNING  | main:<module>:33 - Input file /app/data/processed/posts.parquet not found. Waiting 10 seconds for preprocess service...
2025-11-16 15:12:53.599 | WARNING  | main:<module>:33 - Input file /app/data/processed/posts.parquet not found. Waiting 10 seconds for preprocess service...
2025-11-16 15:13:03.606 | WARNING  | main:<module>:33 - Input file /app/data/processed/posts.parquet not found. Waiting 10 seconds for preprocess service...
2025-11-16 15:13:13.614 | WARNING  | main:<module>:33 - Input file /app/data/processed/posts.parquet not found. Waiting 10 seconds for preprocess service...
2025-11-16 15:13:23.617 | WARNING  | main:<module>:33 - Input file /app/data/processed/posts.parquet not found. Waiting 10 seconds for preprocess service...
2025-11-16 15:13:33.623 | WARNING  | main:<module>:33 - Input file /app/data/processed/posts.parquet not found. Waiting 10 seconds for preprocess service...
2025-11-16 15:13:43.628 | WARNING  | main:<module>:33 - Input file /app/data/processed/posts.parquet not found. Waiting 10 seconds for preprocess service...
2025-11-16 15:13:53.635 | WARNING  | main:<module>:33 - Input file /app/data/processed/posts.parquet not found. Waiting 10 seconds for preprocess service...
2025-11-16 15:14:03.642 | WARNING  | main:<module>:33 - Input file /app/data/processed/posts.parquet not found. Waiting 10 seconds for preprocess service...
2025-11-16 15:14:13.648 | WARNING  | main:<module>:33 - Input file /app/data/processed/posts.parquet not found. Waiting 10 seconds for preprocess service...
2025-11-16 15:14:23.656 | WARNING  | main:<module>:33 - Input file /app/data/processed/posts.parquet not found. Waiting 10 seconds for preprocess service...
2025-11-16 15:14:33.661 | WARNING  | main:<module>:33 - Input file /app/data/processed/posts.parquet not found. Waiting 10 seconds for preprocess service...
2025-11-16 15:14:43.668 | WARNING  | main:<module>:33 - Input file /app/data/processed/posts.parquet not found. Waiting 10 seconds for preprocess service...
2025-11-16 15:14:53.675 | WARNING  | main:<module>:33 - Input file /app/data/processed/posts.parquet not found. Waiting 10 seconds for preprocess service...
2025-11-16 15:15:03.680 | WARNING  | main:<module>:33 - Input file /app/data/processed/posts.parquet not found. Waiting 10 seconds for preprocess service...
2025-11-16 15:15:13.687 | WARNING  | main:<module>:33 - Input file /app/data/processed/posts.parquet not found. Waiting 10 seconds for preprocess service...
2025-11-16 15:15:23.696 | WARNING  | main:<module>:33 - Input file /app/data/processed/posts.parquet not found. Waiting 10 seconds for preprocess service...
2025-11-16 15:15:33.704 | WARNING  | main:<module>:33 - Input file /app/data/processed/posts.parquet not found. Waiting 10 seconds for preprocess service...
2025-11-16 15:15:43.709 | WARNING  | main:<module>:33 - Input file /app/data/processed/posts.parquet not found. Waiting 10 seconds for preprocess service...
2025-11-16 15:15:53.711 | WARNING  | main:<module>:33 - Input file /app/data/processed/posts.parquet not found. Waiting 10 seconds for preprocess service...
2025-11-16 15:16:03.716 | WARNING  | main:<module>:33 - Input file /app/data/processed/posts.parquet not found. Waiting 10 seconds for preprocess service...
2025-11-16 15:16:13.719 | WARNING  | main:<module>:33 - Input file /app/data/processed/posts.parquet not found. Waiting 10 seconds for preprocess service...
2025-11-16 15:16:23.726 | WARNING  | main:<module>:33 - Input file /app/data/processed/posts.parquet not found. Waiting 10 seconds for preprocess service...
2025-11-16 15:16:33.732 | WARNING  | main:<module>:33 - Input file /app/data/processed/posts.parquet not found. Waiting 10 seconds for preprocess service...
2025-11-16 15:16:43.739 | WARNING  | main:<module>:33 - Input file /app/data/processed/posts.parquet not found. Waiting 10 seconds for preprocess service...
2025-11-16 15:16:53.746 | WARNING  | main:<module>:33 - Input file /app/data/processed/posts.parquet not found. Waiting 10 seconds for preprocess service...
2025-11-16 15:17:03.749 | WARNING  | main:<module>:33 - Input file /app/data/processed/posts.parquet not found. Waiting 10 seconds for preprocess service...
2025-11-16 15:17:13.757 | WARNING  | main:<module>:33 - Input file /app/data/processed/posts.parquet not found. Waiting 10 seconds for preprocess service...
2025-11-16 15:17:22.137 | INFO     | main:<module>:28 - Model API service starting up...
2025-11-16 15:17:22.138 | WARNING  | main:<module>:33 - Input file /app/data/processed/posts.parquet not found. Waiting 10 seconds for preprocess service...
2025-11-16 15:17:32.145 | WARNING  | main:<module>:33 - Input file /app/data/processed/posts.parquet not found. Waiting 10 seconds for preprocess service...
2025-11-16 15:17:42.148 | WARNING  | main:<module>:33 - Input file /app/data/processed/posts.parquet not found. Waiting 10 seconds for preprocess service...
2025-11-16 15:17:52.155 | WARNING  | main:<module>:33 - Input file /app/data/processed/posts.parquet not found. Waiting 10 seconds for preprocess service...
2025-11-16 15:18:02.161 | WARNING  | main:<module>:33 - Input file /app/data/processed/posts.parquet not found. Waiting 10 seconds for preprocess service...
2025-11-16 15:18:12.167 | WARNING  | main:<module>:33 - Input file /app/data/processed/posts.parquet not found. Waiting 10 seconds for preprocess service...
2025-11-16 15:18:22.174 | WARNING  | main:<module>:33 - Input file /app/data/processed/posts.parquet not found. Waiting 10 seconds for preprocess service...
2025-11-16 15:18:32.177 | WARNING  | main:<module>:33 - Input file /app/data/processed/posts.parquet not found. Waiting 10 seconds for preprocess service...
2025-11-16 15:18:42.181 | WARNING  | main:<module>:33 - Input file /app/data/processed/posts.parquet not found. Waiting 10 seconds for preprocess service...
2025-11-16 15:18:52.188 | WARNING  | main:<module>:33 - Input file /app/data/processed/posts.parquet not found. Waiting 10 seconds for preprocess service...
2025-11-16 15:19:02.195 | WARNING  | main:<module>:33 - Input file /app/data/processed/posts.parquet not found. Waiting 10 seconds for preprocess service...
2025-11-16 15:19:12.200 | WARNING  | main:<module>:33 - Input file /app/data/processed/posts.parquet not found. Waiting 10 seconds for preprocess service...
2025-11-16 15:19:22.202 | WARNING  | main:<module>:33 - Input file /app/data/processed/posts.parquet not found. Waiting 10 seconds for preprocess service...
2025-11-16 15:19:32.204 | WARNING  | main:<module>:33 - Input file /app/data/processed/posts.parquet not found. Waiting 10 seconds for preprocess service...
2025-11-16 15:19:42.208 | WARNING  | main:<module>:33 - Input file /app/data/processed/posts.parquet not found. Waiting 10 seconds for preprocess service...
2025-11-16 15:19:52.211 | WARNING  | main:<module>:33 - Input file /app/data/processed/posts.parquet not found. Waiting 10 seconds for preprocess service...
2025-11-16 15:20:02.219 | WARNING  | main:<module>:33 - Input file /app/data/processed/posts.parquet not found. Waiting 10 seconds for preprocess service...
2025-11-16 15:20:12.225 | WARNING  | main:<module>:33 - Input file /app/data/processed/posts.parquet not found. Waiting 10 seconds for preprocess service...
2025-11-16 15:20:22.233 | WARNING  | main:<module>:33 - Input file /app/data/processed/posts.parquet not found. Waiting 10 seconds for preprocess service...
2025-11-16 15:20:32.240 | WARNING  | main:<module>:33 - Input file /app/data/processed/posts.parquet not found. Waiting 10 seconds for preprocess service...
2025-11-16 15:20:42.243 | WARNING  | main:<module>:33 - Input file /app/data/processed/posts.parquet not found. Waiting 10 seconds for preprocess service...
2025-11-16 15:20:52.250 | WARNING  | main:<module>:33 - Input file /app/data/processed/posts.parquet not found. Waiting 10 seconds for preprocess service...
2025-11-16 15:21:02.258 | WARNING  | main:<module>:33 - Input file /app/data/processed/posts.parquet not found. Waiting 10 seconds for preprocess service...
2025-11-16 15:21:12.261 | WARNING  | main:<module>:33 - Input file /app/data/processed/posts.parquet not found. Waiting 10 seconds for preprocess service...
2025-11-16 15:21:22.268 | WARNING  | main:<module>:33 - Input file /app/data/processed/posts.parquet not found. Waiting 10 seconds for preprocess service...
2025-11-16 15:21:32.276 | WARNING  | main:<module>:33 - Input file /app/data/processed/posts.parquet not found. Waiting 10 seconds for preprocess service...
2025-11-16 15:21:42.280 | WARNING  | main:<module>:33 - Input file /app/data/processed/posts.parquet not found. Waiting 10 seconds for preprocess service...
2025-11-16 15:21:52.288 | WARNING  | main:<module>:33 - Input file /app/data/processed/posts.parquet not found. Waiting 10 seconds for preprocess service...
2025-11-16 15:22:02.290 | WARNING  | main:<module>:33 - Input file /app/data/processed/posts.parquet not found. Waiting 10 seconds for preprocess service...
2025-11-16 15:22:12.295 | WARNING  | main:<module>:33 - Input file /app/data/processed/posts.parquet not found. Waiting 10 seconds for preprocess service...
2025-11-16 15:22:22.297 | WARNING  | main:<module>:33 - Input file /app/data/processed/posts.parquet not found. Waiting 10 seconds for preprocess service...
2025-11-16 15:22:32.301 | WARNING  | main:<module>:33 - Input file /app/data/processed/posts.parquet not found. Waiting 10 seconds for preprocess service...
2025-11-16 15:23:46.949 | INFO     | main:<module>:28 - Model API service starting up...
2025-11-16 15:23:46.949 | WARNING  | main:<module>:33 - Input file /app/data/processed/posts.parquet not found. Waiting 10 seconds for preprocess service...
2025-11-16 15:23:56.955 | WARNING  | main:<module>:33 - Input file /app/data/processed/posts.parquet not found. Waiting 10 seconds for preprocess service...
2025-11-16 15:24:06.961 | WARNING  | main:<module>:33 - Input file /app/data/processed/posts.parquet not found. Waiting 10 seconds for preprocess service...
2025-11-16 15:24:16.966 | WARNING  | main:<module>:33 - Input file /app/data/processed/posts.parquet not found. Waiting 10 seconds for preprocess service...
2025-11-16 15:24:26.973 | WARNING  | main:<module>:33 - Input file /app/data/processed/posts.parquet not found. Waiting 10 seconds for preprocess service...
2025-11-16 15:24:36.977 | WARNING  | main:<module>:33 - Input file /app/data/processed/posts.parquet not found. Waiting 10 seconds for preprocess service...
2025-11-16 15:24:46.985 | WARNING  | main:<module>:33 - Input file /app/data/processed/posts.parquet not found. Waiting 10 seconds for preprocess service...
2025-11-16 15:24:56.989 | WARNING  | main:<module>:33 - Input file /app/data/processed/posts.parquet not found. Waiting 10 seconds for preprocess service...
2025-11-16 15:25:06.994 | WARNING  | main:<module>:33 - Input file /app/data/processed/posts.parquet not found. Waiting 10 seconds for preprocess service...
2025-11-16 15:25:16.999 | WARNING  | main:<module>:33 - Input file /app/data/processed/posts.parquet not found. Waiting 10 seconds for preprocess service...
2025-11-16 15:25:27.005 | WARNING  | main:<module>:33 - Input file /app/data/processed/posts.parquet not found. Waiting 10 seconds for preprocess service...
2025-11-16 15:25:37.009 | WARNING  | main:<module>:33 - Input file /app/data/processed/posts.parquet not found. Waiting 10 seconds for preprocess service...
2025-11-16 15:25:47.012 | WARNING  | main:<module>:33 - Input file /app/data/processed/posts.parquet not found. Waiting 10 seconds for preprocess service...
2025-11-16 15:25:57.015 | WARNING  | main:<module>:33 - Input file /app/data/processed/posts.parquet not found. Waiting 10 seconds for preprocess service...
2025-11-16 15:26:07.020 | WARNING  | main:<module>:33 - Input file /app/data/processed/posts.parquet not found. Waiting 10 seconds for preprocess service...
2025-11-16 15:26:17.027 | WARNING  | main:<module>:33 - Input file /app/data/processed/posts.parquet not found. Waiting 10 seconds for preprocess service...
2025-11-16 15:26:27.029 | WARNING  | main:<module>:33 - Input file /app/data/processed/posts.parquet not found. Waiting 10 seconds for preprocess service...
2025-11-16 15:26:37.036 | WARNING  | main:<module>:33 - Input file /app/data/processed/posts.parquet not found. Waiting 10 seconds for preprocess service...
2025-11-16 15:26:47.040 | WARNING  | main:<module>:33 - Input file /app/data/processed/posts.parquet not found. Waiting 10 seconds for preprocess service...
2025-11-16 15:26:57.048 | WARNING  | main:<module>:33 - Input file /app/data/processed/posts.parquet not found. Waiting 10 seconds for preprocess service...
2025-11-16 15:27:07.054 | WARNING  | main:<module>:33 - Input file /app/data/processed/posts.parquet not found. Waiting 10 seconds for preprocess service...
2025-11-16 15:27:17.060 | WARNING  | main:<module>:33 - Input file /app/data/processed/posts.parquet not found. Waiting 10 seconds for preprocess service...
2025-11-16 15:27:27.067 | WARNING  | main:<module>:33 - Input file /app/data/processed/posts.parquet not found. Waiting 10 seconds for preprocess service...
2025-11-16 15:27:37.075 | WARNING  | main:<module>:33 - Input file /app/data/processed/posts.parquet not found. Waiting 10 seconds for preprocess service...
2025-11-16 15:27:47.081 | WARNING  | main:<module>:33 - Input file /app/data/processed/posts.parquet not found. Waiting 10 seconds for preprocess service...
2025-11-16 15:27:57.087 | WARNING  | main:<module>:33 - Input file /app/data/processed/posts.parquet not found. Waiting 10 seconds for preprocess service...
2025-11-16 15:28:07.095 | WARNING  | main:<module>:33 - Input file /app/data/processed/posts.parquet not found. Waiting 10 seconds for preprocess service...
2025-11-16 15:28:17.100 | WARNING  | main:<module>:33 - Input file /app/data/processed/posts.parquet not found. Waiting 10 seconds for preprocess service...
2025-11-16 15:28:27.103 | WARNING  | main:<module>:33 - Input file /app/data/processed/posts.parquet not found. Waiting 10 seconds for preprocess service...
2025-11-16 15:28:37.110 | WARNING  | main:<module>:33 - Input file /app/data/processed/posts.parquet not found. Waiting 10 seconds for preprocess service...
2025-11-16 15:28:47.117 | WARNING  | main:<module>:33 - Input file /app/data/processed/posts.parquet not found. Waiting 10 seconds for preprocess service...
2025-11-16 15:28:57.120 | WARNING  | main:<module>:33 - Input file /app/data/processed/posts.parquet not found. Waiting 10 seconds for preprocess service...
2025-11-16 15:29:07.126 | WARNING  | main:<module>:33 - Input file /app/data/processed/posts.parquet not found. Waiting 10 seconds for preprocess service...
2025-11-16 15:29:17.128 | WARNING  | main:<module>:33 - Input file /app/data/processed/posts.parquet not found. Waiting 10 seconds for preprocess service...
2025-11-16 15:29:27.136 | WARNING  | main:<module>:33 - Input file /app/data/processed/posts.parquet not found. Waiting 10 seconds for preprocess service...
2025-11-16 15:29:37.143 | WARNING  | main:<module>:33 - Input file /app/data/processed/posts.parquet not found. Waiting 10 seconds for preprocess service...
2025-11-16 15:29:47.150 | WARNING  | main:<module>:33 - Input file /app/data/processed/posts.parquet not found. Waiting 10 seconds for preprocess service...
2025-11-16 15:29:57.155 | WARNING  | main:<module>:33 - Input file /app/data/processed/posts.parquet not found. Waiting 10 seconds for preprocess service...
2025-11-16 15:30:07.162 | WARNING  | main:<module>:33 - Input file /app/data/processed/posts.parquet not found. Waiting 10 seconds for preprocess service...
2025-11-16 15:30:17.169 | WARNING  | main:<module>:33 - Input file /app/data/processed/posts.parquet not found. Waiting 10 seconds for preprocess service...
2025-11-16 15:30:27.177 | WARNING  | main:<module>:33 - Input file /app/data/processed/posts.parquet not found. Waiting 10 seconds for preprocess service...
2025-11-16 15:30:37.184 | WARNING  | main:<module>:33 - Input file /app/data/processed/posts.parquet not found. Waiting 10 seconds for preprocess service...
2025-11-16 15:30:47.188 | WARNING  | main:<module>:33 - Input file /app/data/processed/posts.parquet not found. Waiting 10 seconds for preprocess service...
2025-11-16 15:30:57.196 | WARNING  | main:<module>:33 - Input file /app/data/processed/posts.parquet not found. Waiting 10 seconds for preprocess service...
2025-11-16 15:31:07.200 | WARNING  | main:<module>:33 - Input file /app/data/processed/posts.parquet not found. Waiting 10 seconds for preprocess service...
2025-11-16 15:31:17.204 | WARNING  | main:<module>:33 - Input file /app/data/processed/posts.parquet not found. Waiting 10 seconds for preprocess service...
2025-11-16 15:31:27.210 | WARNING  | main:<module>:33 - Input file /app/data/processed/posts.parquet not found. Waiting 10 seconds for preprocess service...
2025-11-16 15:31:37.218 | WARNING  | main:<module>:33 - Input file /app/data/processed/posts.parquet not found. Waiting 10 seconds for preprocess service...
2025-11-16 15:31:47.224 | WARNING  | main:<module>:33 - Input file /app/data/processed/posts.parquet not found. Waiting 10 seconds for preprocess service...
2025-11-16 15:31:57.232 | WARNING  | main:<module>:33 - Input file /app/data/processed/posts.parquet not found. Waiting 10 seconds for preprocess service...
2025-11-16 15:32:07.242 | WARNING  | main:<module>:33 - Input file /app/data/processed/posts.parquet not found. Waiting 10 seconds for preprocess service...
2025-11-16 15:32:17.250 | WARNING  | main:<module>:33 - Input file /app/data/processed/posts.parquet not found. Waiting 10 seconds for preprocess service...
2025-11-16 15:32:27.255 | WARNING  | main:<module>:33 - Input file /app/data/processed/posts.parquet not found. Waiting 10 seconds for preprocess service...
2025-11-16 15:32:37.262 | WARNING  | main:<module>:33 - Input file /app/data/processed/posts.parquet not found. Waiting 10 seconds for preprocess service...
2025-11-16 15:32:47.267 | WARNING  | main:<module>:33 - Input file /app/data/processed/posts.parquet not found. Waiting 10 seconds for preprocess service...
2025-11-16 15:32:57.274 | WARNING  | main:<module>:33 - Input file /app/data/processed/posts.parquet not found. Waiting 10 seconds for preprocess service...
2025-11-16 15:33:07.281 | WARNING  | main:<module>:33 - Input file /app/data/processed/posts.parquet not found. Waiting 10 seconds for preprocess service...
2025-11-16 15:33:17.283 | WARNING  | main:<module>:33 - Input file /app/data/processed/posts.parquet not found. Waiting 10 seconds for preprocess service...
2025-11-16 15:33:27.289 | WARNING  | main:<module>:33 - Input file /app/data/processed/posts.parquet not found. Waiting 10 seconds for preprocess service...
2025-11-16 15:33:37.297 | WARNING  | main:<module>:33 - Input file /app/data/processed/posts.parquet not found. Waiting 10 seconds for preprocess service...
2025-11-16 15:33:47.304 | WARNING  | main:<module>:33 - Input file /app/data/processed/posts.parquet not found. Waiting 10 seconds for preprocess service...
2025-11-16 15:33:57.310 | WARNING  | main:<module>:33 - Input file /app/data/processed/posts.parquet not found. Waiting 10 seconds for preprocess service...
2025-11-16 15:34:07.316 | WARNING  | main:<module>:33 - Input file /app/data/processed/posts.parquet not found. Waiting 10 seconds for preprocess service...
2025-11-16 15:34:17.322 | WARNING  | main:<module>:33 - Input file /app/data/processed/posts.parquet not found. Waiting 10 seconds for preprocess service...
2025-11-16 15:34:27.330 | WARNING  | main:<module>:33 - Input file /app/data/processed/posts.parquet not found. Waiting 10 seconds for preprocess service...
2025-11-16 15:34:37.335 | WARNING  | main:<module>:33 - Input file /app/data/processed/posts.parquet not found. Waiting 10 seconds for preprocess service...
2025-11-16 15:35:25.145 | INFO     | main:<module>:28 - Model API service starting up...
2025-11-16 15:35:25.146 | INFO     | main:<module>:36 - Loading data from /app/data/processed/posts.parquet...
2025-11-16 15:35:25.161 | SUCCESS  | main:<module>:39 - Successfully loaded data. 2266 rows.
2025-11-16 15:45:00.715 | INFO     | main:run_clustering:76 - Received clustering request: k=100, method=PCA
2025-11-16 15:45:00.726 | INFO     | model:batch_seq:26 - Splitting text into 100 parts of 7734 characters each
2025-11-16 15:45:00.728 | INFO     | model:batch_seq:29 - Removing 1 parts
2025-11-16 15:45:00.966 | INFO     | model:reduce_dims:51 - Using PCA
2025-11-16 15:45:00.999 | SUCCESS  | main:run_clustering:92 - Clustering complete.
