2025-11-23 09:31:59,515 | main - INFO - Loading and preprocessing data from assets/straattaal.txt
2025-11-23 09:31:59,515 | main - INFO - Getting data from https://www.mijnwoordenboek.nl/regio/Amsterdamse%20straattaal
2025-11-23 09:31:59,689 | main - INFO - Processing 472 street language words
2025-11-23 09:31:59,689 | main - INFO - Saving processed words to assets/straattaal.txt
2025-11-23 09:32:02,703 | main - INFO - Epoch [10/800], Loss: 25.6527
2025-11-23 09:32:02,703 | main - INFO - Current learning rate: 0.1
2025-11-23 09:32:03,248 | main - INFO - Epoch [20/800], Loss: 23.7165
2025-11-23 09:32:03,796 | main - INFO - Epoch [30/800], Loss: 22.0520
2025-11-23 09:32:04,343 | main - INFO - Epoch [40/800], Loss: 21.1467
2025-11-23 09:32:04,885 | main - INFO - Epoch [50/800], Loss: 20.4427
2025-11-23 09:32:05,429 | main - INFO - Epoch [60/800], Loss: 20.0217
2025-11-23 09:32:05,970 | main - INFO - Epoch [70/800], Loss: 19.5022
2025-11-23 09:32:06,505 | main - INFO - Epoch [80/800], Loss: 19.2693
2025-11-23 09:32:07,047 | main - INFO - Epoch [90/800], Loss: 19.1907
2025-11-23 09:32:07,590 | main - INFO - Epoch [100/800], Loss: 18.6578
2025-11-23 09:32:08,124 | main - INFO - Epoch [110/800], Loss: 18.4538
2025-11-23 09:32:08,664 | main - INFO - Epoch [120/800], Loss: 18.4081
2025-11-23 09:32:09,208 | main - INFO - Epoch [130/800], Loss: 18.2256
2025-11-23 09:32:09,741 | main - INFO - Epoch [140/800], Loss: 18.1189
2025-11-23 09:32:10,281 | main - INFO - Epoch [150/800], Loss: 17.8772
2025-11-23 09:32:10,819 | main - INFO - Epoch [160/800], Loss: 17.9166
2025-11-23 09:32:11,358 | main - INFO - Epoch [170/800], Loss: 17.8963
2025-11-23 09:32:11,896 | main - INFO - Epoch [180/800], Loss: 18.0050
2025-11-23 09:32:12,433 | main - INFO - Epoch [190/800], Loss: 17.7005
2025-11-23 09:32:12,978 | main - INFO - Epoch [200/800], Loss: 17.8459
2025-11-23 09:32:13,519 | main - INFO - Epoch [210/800], Loss: 17.6200
2025-11-23 09:32:14,061 | main - INFO - Epoch [220/800], Loss: 17.6155
2025-11-23 09:32:14,597 | main - INFO - Epoch [230/800], Loss: 17.6760
2025-11-23 09:32:15,144 | main - INFO - Epoch [240/800], Loss: 17.5897
2025-11-23 09:32:15,675 | main - INFO - Epoch [250/800], Loss: 17.5155
2025-11-23 09:32:16,214 | main - INFO - Epoch [260/800], Loss: 18.0668
2025-11-23 09:32:16,752 | main - INFO - Epoch [270/800], Loss: 18.0329
2025-11-23 09:32:17,292 | main - INFO - Epoch [280/800], Loss: 18.0772
2025-11-23 09:32:17,826 | main - INFO - Epoch [290/800], Loss: 17.8683
2025-11-23 09:32:18,361 | main - INFO - Epoch [300/800], Loss: 17.8494
2025-11-23 09:32:18,361 | main - INFO - Current learning rate: 0.010000000000000002
2025-11-23 09:32:18,896 | main - INFO - Epoch [310/800], Loss: 17.3314
2025-11-23 09:32:19,438 | main - INFO - Epoch [320/800], Loss: 17.3072
2025-11-23 09:32:19,970 | main - INFO - Epoch [330/800], Loss: 17.2318
2025-11-23 09:32:20,517 | main - INFO - Epoch [340/800], Loss: 17.2121
2025-11-23 09:32:21,068 | main - INFO - Epoch [350/800], Loss: 17.1267
2025-11-23 09:32:21,615 | main - INFO - Epoch [360/800], Loss: 17.1105
2025-11-23 09:32:22,156 | main - INFO - Epoch [370/800], Loss: 17.0943
2025-11-23 09:32:22,700 | main - INFO - Epoch [380/800], Loss: 17.0560
2025-11-23 09:32:23,239 | main - INFO - Epoch [390/800], Loss: 17.1037
2025-11-23 09:32:23,783 | main - INFO - Epoch [400/800], Loss: 17.0503
2025-11-23 09:32:24,331 | main - INFO - Epoch [410/800], Loss: 17.0879
2025-11-23 09:32:24,869 | main - INFO - Epoch [420/800], Loss: 16.9505
2025-11-23 09:32:25,406 | main - INFO - Epoch [430/800], Loss: 16.9137
2025-11-23 09:32:25,943 | main - INFO - Epoch [440/800], Loss: 16.8555
2025-11-23 09:32:26,478 | main - INFO - Epoch [450/800], Loss: 16.9351
2025-11-23 09:32:27,019 | main - INFO - Epoch [460/800], Loss: 16.8110
2025-11-23 09:32:27,552 | main - INFO - Epoch [470/800], Loss: 17.1397
2025-11-23 09:32:28,093 | main - INFO - Epoch [480/800], Loss: 16.7617
2025-11-23 09:32:28,636 | main - INFO - Epoch [490/800], Loss: 16.8828
2025-11-23 09:32:29,178 | main - INFO - Epoch [500/800], Loss: 17.1046
2025-11-23 09:32:29,720 | main - INFO - Epoch [510/800], Loss: 16.8604
2025-11-23 09:32:30,259 | main - INFO - Epoch [520/800], Loss: 16.6777
2025-11-23 09:32:30,805 | main - INFO - Epoch [530/800], Loss: 16.6047
2025-11-23 09:32:31,363 | main - INFO - Epoch [540/800], Loss: 16.6602
2025-11-23 09:32:31,923 | main - INFO - Epoch [550/800], Loss: 16.6413
2025-11-23 09:32:32,484 | main - INFO - Epoch [560/800], Loss: 16.5971
2025-11-23 09:32:33,065 | main - INFO - Epoch [570/800], Loss: 16.5051
2025-11-23 09:32:33,617 | main - INFO - Epoch [580/800], Loss: 16.4965
2025-11-23 09:32:34,189 | main - INFO - Epoch [590/800], Loss: 16.5324
2025-11-23 09:32:34,765 | main - INFO - Epoch [600/800], Loss: 16.4313
2025-11-23 09:32:35,339 | main - INFO - Epoch [610/800], Loss: 16.5743
2025-11-23 09:32:35,893 | main - INFO - Epoch [620/800], Loss: 16.4305
2025-11-23 09:32:36,471 | main - INFO - Epoch [630/800], Loss: 16.5825
2025-11-23 09:32:37,038 | main - INFO - Epoch [640/800], Loss: 16.3430
2025-11-23 09:32:37,608 | main - INFO - Epoch [650/800], Loss: 16.3852
2025-11-23 09:32:38,158 | main - INFO - Epoch [660/800], Loss: 16.6008
2025-11-23 09:32:38,723 | main - INFO - Epoch [670/800], Loss: 16.3497
2025-11-23 09:32:39,308 | main - INFO - Epoch [680/800], Loss: 16.2328
2025-11-23 09:32:39,882 | main - INFO - Epoch [690/800], Loss: 16.4663
2025-11-23 09:32:40,447 | main - INFO - Epoch [700/800], Loss: 16.2231
2025-11-23 09:32:41,008 | main - INFO - Epoch [710/800], Loss: 16.1635
2025-11-23 09:32:41,583 | main - INFO - Epoch [720/800], Loss: 16.2158
2025-11-23 09:32:42,142 | main - INFO - Epoch [730/800], Loss: 16.2446
2025-11-23 09:32:42,711 | main - INFO - Epoch [740/800], Loss: 16.0802
2025-11-23 09:32:43,265 | main - INFO - Epoch [750/800], Loss: 16.2641
2025-11-23 09:32:43,840 | main - INFO - Epoch [760/800], Loss: 15.9593
2025-11-23 09:32:44,416 | main - INFO - Epoch [770/800], Loss: 16.0955
2025-11-23 09:32:44,990 | main - INFO - Epoch [780/800], Loss: 15.9787
2025-11-23 09:32:45,565 | main - INFO - Epoch [790/800], Loss: 16.1014
2025-11-23 09:32:46,138 | main - INFO - Epoch [800/800], Loss: 16.1448
2025-11-23 09:32:46,142 | main - INFO - Model and tokenizer saved to artefacts
2025-11-23 09:32:46,142 | main - INFO - Training history saved to artefacts/history.txt
2025-11-23 09:39:37,320 | main - INFO - Loading and preprocessing data from assets/straattaal.txt
2025-11-23 09:39:37,320 | main - INFO - Loading processed words from assets/straattaal.txt
2025-11-23 09:39:38,052 | main - INFO - Epoch [10/800], Loss: 46.0109
2025-11-23 09:39:38,052 | main - INFO - Current learning rate: 0.1
2025-11-23 09:39:38,313 | main - INFO - Epoch [20/800], Loss: 39.9836
2025-11-23 09:39:38,573 | main - INFO - Epoch [30/800], Loss: 36.6347
2025-11-23 09:39:38,834 | main - INFO - Epoch [40/800], Loss: 35.0777
2025-11-23 09:39:39,094 | main - INFO - Epoch [50/800], Loss: 33.9624
2025-11-23 09:39:39,354 | main - INFO - Epoch [60/800], Loss: 33.4374
2025-11-23 09:39:39,615 | main - INFO - Epoch [70/800], Loss: 33.5927
2025-11-23 09:39:39,874 | main - INFO - Epoch [80/800], Loss: 32.7822
2025-11-23 09:39:40,134 | main - INFO - Epoch [90/800], Loss: 32.0693
2025-11-23 09:39:40,396 | main - INFO - Epoch [100/800], Loss: 31.6789
2025-11-23 09:39:40,656 | main - INFO - Epoch [110/800], Loss: 31.6434
2025-11-23 09:39:40,915 | main - INFO - Epoch [120/800], Loss: 31.3644
2025-11-23 09:39:41,176 | main - INFO - Epoch [130/800], Loss: 31.1769
2025-11-23 09:39:41,438 | main - INFO - Epoch [140/800], Loss: 30.8733
2025-11-23 09:39:41,698 | main - INFO - Epoch [150/800], Loss: 30.3967
2025-11-23 09:39:41,959 | main - INFO - Epoch [160/800], Loss: 30.1479
2025-11-23 09:39:42,219 | main - INFO - Epoch [170/800], Loss: 30.1487
2025-11-23 09:39:42,483 | main - INFO - Epoch [180/800], Loss: 30.3624
2025-11-23 09:39:42,759 | main - INFO - Epoch [190/800], Loss: 29.8407
2025-11-23 09:39:43,028 | main - INFO - Epoch [200/800], Loss: 29.6443
2025-11-23 09:39:43,294 | main - INFO - Epoch [210/800], Loss: 29.6676
2025-11-23 09:39:43,558 | main - INFO - Epoch [220/800], Loss: 29.7593
2025-11-23 09:39:43,823 | main - INFO - Epoch [230/800], Loss: 29.6249
2025-11-23 09:39:44,091 | main - INFO - Epoch [240/800], Loss: 29.6163
2025-11-23 09:39:44,368 | main - INFO - Epoch [250/800], Loss: 29.6904
2025-11-23 09:39:44,655 | main - INFO - Epoch [260/800], Loss: 29.2000
2025-11-23 09:39:44,655 | main - INFO - Current learning rate: 0.010000000000000002
2025-11-23 09:39:44,924 | main - INFO - Epoch [270/800], Loss: 28.3473
2025-11-23 09:39:45,187 | main - INFO - Epoch [280/800], Loss: 27.9242
2025-11-23 09:39:45,460 | main - INFO - Epoch [290/800], Loss: 27.6620
2025-11-23 09:39:45,736 | main - INFO - Epoch [300/800], Loss: 27.3115
2025-11-23 09:39:46,017 | main - INFO - Epoch [310/800], Loss: 27.2311
2025-11-23 09:39:46,290 | main - INFO - Epoch [320/800], Loss: 27.1895
2025-11-23 09:39:46,566 | main - INFO - Epoch [330/800], Loss: 27.0459
2025-11-23 09:39:46,829 | main - INFO - Epoch [340/800], Loss: 26.8415
2025-11-23 09:39:47,104 | main - INFO - Epoch [350/800], Loss: 26.6306
2025-11-23 09:39:47,380 | main - INFO - Epoch [360/800], Loss: 26.6134
2025-11-23 09:39:47,646 | main - INFO - Epoch [370/800], Loss: 26.5991
2025-11-23 09:39:47,924 | main - INFO - Epoch [380/800], Loss: 26.3175
2025-11-23 09:39:48,205 | main - INFO - Epoch [390/800], Loss: 26.2557
2025-11-23 09:39:48,481 | main - INFO - Epoch [400/800], Loss: 25.9466
2025-11-23 09:39:48,759 | main - INFO - Epoch [410/800], Loss: 25.9856
2025-11-23 09:39:49,039 | main - INFO - Epoch [420/800], Loss: 26.0418
2025-11-23 09:39:49,312 | main - INFO - Epoch [430/800], Loss: 26.0282
2025-11-23 09:39:49,581 | main - INFO - Epoch [440/800], Loss: 25.7424
2025-11-23 09:39:49,857 | main - INFO - Epoch [450/800], Loss: 25.6904
2025-11-23 09:39:50,131 | main - INFO - Epoch [460/800], Loss: 25.5989
2025-11-23 09:39:50,407 | main - INFO - Epoch [470/800], Loss: 25.6246
2025-11-23 09:39:50,681 | main - INFO - Epoch [480/800], Loss: 25.3957
2025-11-23 09:39:50,959 | main - INFO - Epoch [490/800], Loss: 25.5513
2025-11-23 09:39:51,227 | main - INFO - Epoch [500/800], Loss: 25.4016
2025-11-23 09:39:51,503 | main - INFO - Epoch [510/800], Loss: 25.4205
2025-11-23 09:39:51,782 | main - INFO - Epoch [520/800], Loss: 25.4128
2025-11-23 09:39:52,058 | main - INFO - Epoch [530/800], Loss: 25.2662
2025-11-23 09:39:52,329 | main - INFO - Epoch [540/800], Loss: 25.1475
2025-11-23 09:39:52,598 | main - INFO - Epoch [550/800], Loss: 25.1411
2025-11-23 09:39:52,878 | main - INFO - Epoch [560/800], Loss: 24.9157
2025-11-23 09:39:53,154 | main - INFO - Epoch [570/800], Loss: 25.0000
2025-11-23 09:39:53,434 | main - INFO - Epoch [580/800], Loss: 25.1867
2025-11-23 09:39:53,704 | main - INFO - Epoch [590/800], Loss: 24.9961
2025-11-23 09:39:53,972 | main - INFO - Epoch [600/800], Loss: 25.1609
2025-11-23 09:39:54,250 | main - INFO - Epoch [610/800], Loss: 24.6815
2025-11-23 09:39:54,528 | main - INFO - Epoch [620/800], Loss: 24.7167
2025-11-23 09:39:54,799 | main - INFO - Epoch [630/800], Loss: 24.8222
2025-11-23 09:39:55,071 | main - INFO - Epoch [640/800], Loss: 24.7163
2025-11-23 09:39:55,344 | main - INFO - Epoch [650/800], Loss: 24.6635
2025-11-23 09:39:55,606 | main - INFO - Epoch [660/800], Loss: 24.7041
2025-11-23 09:39:55,882 | main - INFO - Epoch [670/800], Loss: 24.5324
2025-11-23 09:39:56,150 | main - INFO - Epoch [680/800], Loss: 24.6889
2025-11-23 09:39:56,417 | main - INFO - Epoch [690/800], Loss: 24.6905
2025-11-23 09:39:56,694 | main - INFO - Epoch [700/800], Loss: 24.7350
2025-11-23 09:39:56,959 | main - INFO - Epoch [710/800], Loss: 24.7726
2025-11-23 09:39:57,236 | main - INFO - Epoch [720/800], Loss: 24.6367
2025-11-23 09:39:57,504 | main - INFO - Epoch [730/800], Loss: 24.5952
2025-11-23 09:39:57,765 | main - INFO - Epoch [740/800], Loss: 24.8022
2025-11-23 09:39:58,040 | main - INFO - Epoch [750/800], Loss: 24.7982
2025-11-23 09:39:58,315 | main - INFO - Epoch [760/800], Loss: 24.6968
2025-11-23 09:39:58,591 | main - INFO - Epoch [770/800], Loss: 24.5178
2025-11-23 09:39:58,860 | main - INFO - Epoch [780/800], Loss: 24.6880
2025-11-23 09:39:58,860 | main - INFO - Current learning rate: 0.0010000000000000002
2025-11-23 09:39:59,136 | main - INFO - Epoch [790/800], Loss: 24.3382
2025-11-23 09:39:59,414 | main - INFO - Epoch [800/800], Loss: 24.1765
2025-11-23 09:39:59,419 | main - INFO - Model and tokenizer saved to artefacts
2025-11-23 09:39:59,420 | main - INFO - Training history saved to artefacts/history.txt
2025-11-23 10:53:53,449 | main - INFO - Loading and preprocessing data from assets/straattaal.txt
2025-11-23 10:53:53,450 | main - INFO - Loading processed words from assets/straattaal.txt
2025-11-23 10:53:56,119 | main - INFO - Epoch [10/800], Loss: 45.6194
2025-11-23 10:53:56,119 | main - INFO - Current learning rate: 0.1
2025-11-23 10:53:56,399 | main - INFO - Epoch [20/800], Loss: 40.5029
2025-11-23 10:53:56,684 | main - INFO - Epoch [30/800], Loss: 37.8862
2025-11-23 10:53:56,950 | main - INFO - Epoch [40/800], Loss: 36.2797
2025-11-23 10:53:57,235 | main - INFO - Epoch [50/800], Loss: 35.5100
2025-11-23 10:53:57,502 | main - INFO - Epoch [60/800], Loss: 35.1876
2025-11-23 10:53:57,765 | main - INFO - Epoch [70/800], Loss: 34.6693
2025-11-23 10:53:58,029 | main - INFO - Epoch [80/800], Loss: 34.2740
2025-11-23 10:53:58,292 | main - INFO - Epoch [90/800], Loss: 34.1679
2025-11-23 10:53:58,555 | main - INFO - Epoch [100/800], Loss: 33.8566
2025-11-23 10:53:58,817 | main - INFO - Epoch [110/800], Loss: 33.5983
2025-11-23 10:53:59,079 | main - INFO - Epoch [120/800], Loss: 33.5414
2025-11-23 10:53:59,341 | main - INFO - Epoch [130/800], Loss: 33.4378
2025-11-23 10:53:59,606 | main - INFO - Epoch [140/800], Loss: 33.3516
2025-11-23 10:53:59,869 | main - INFO - Epoch [150/800], Loss: 32.8429
2025-11-23 10:54:00,132 | main - INFO - Epoch [160/800], Loss: 32.9240
2025-11-23 10:54:00,394 | main - INFO - Epoch [170/800], Loss: 32.8974
2025-11-23 10:54:00,657 | main - INFO - Epoch [180/800], Loss: 32.9375
2025-11-23 10:54:00,919 | main - INFO - Epoch [190/800], Loss: 32.6765
2025-11-23 10:54:01,182 | main - INFO - Epoch [200/800], Loss: 32.4300
2025-11-23 10:54:01,444 | main - INFO - Epoch [210/800], Loss: 32.2209
2025-11-23 10:54:01,706 | main - INFO - Epoch [220/800], Loss: 32.1440
2025-11-23 10:54:01,968 | main - INFO - Epoch [230/800], Loss: 32.3445
2025-11-23 10:54:02,231 | main - INFO - Epoch [240/800], Loss: 32.1351
2025-11-23 10:54:02,493 | main - INFO - Epoch [250/800], Loss: 32.0763
2025-11-23 10:54:02,756 | main - INFO - Epoch [260/800], Loss: 31.8210
2025-11-23 10:54:03,019 | main - INFO - Epoch [270/800], Loss: 32.3086
2025-11-23 10:54:03,282 | main - INFO - Epoch [280/800], Loss: 32.0383
2025-11-23 10:54:03,544 | main - INFO - Epoch [290/800], Loss: 31.8259
2025-11-23 10:54:03,806 | main - INFO - Epoch [300/800], Loss: 31.9070
2025-11-23 10:54:04,068 | main - INFO - Epoch [310/800], Loss: 32.0723
2025-11-23 10:54:04,331 | main - INFO - Epoch [320/800], Loss: 31.7590
2025-11-23 10:54:04,594 | main - INFO - Epoch [330/800], Loss: 31.6594
2025-11-23 10:54:04,857 | main - INFO - Epoch [340/800], Loss: 31.5131
2025-11-23 10:54:05,119 | main - INFO - Epoch [350/800], Loss: 31.7169
2025-11-23 10:54:05,380 | main - INFO - Epoch [360/800], Loss: 31.6258
2025-11-23 10:54:05,642 | main - INFO - Epoch [370/800], Loss: 31.4461
2025-11-23 10:54:05,904 | main - INFO - Epoch [380/800], Loss: 31.8249
2025-11-23 10:54:06,166 | main - INFO - Epoch [390/800], Loss: 31.7399
2025-11-23 10:54:06,427 | main - INFO - Epoch [400/800], Loss: 31.3733
2025-11-23 10:54:06,427 | main - INFO - Current learning rate: 0.010000000000000002
2025-11-23 10:54:06,689 | main - INFO - Epoch [410/800], Loss: 31.1220
2025-11-23 10:54:06,950 | main - INFO - Epoch [420/800], Loss: 31.0113
2025-11-23 10:54:07,212 | main - INFO - Epoch [430/800], Loss: 30.8700
2025-11-23 10:54:07,474 | main - INFO - Epoch [440/800], Loss: 30.8919
2025-11-23 10:54:07,736 | main - INFO - Epoch [450/800], Loss: 30.8191
2025-11-23 10:54:08,000 | main - INFO - Epoch [460/800], Loss: 30.7126
2025-11-23 10:54:08,262 | main - INFO - Epoch [470/800], Loss: 30.6568
2025-11-23 10:54:08,524 | main - INFO - Epoch [480/800], Loss: 30.4968
2025-11-23 10:54:08,787 | main - INFO - Epoch [490/800], Loss: 30.6009
2025-11-23 10:54:09,049 | main - INFO - Epoch [500/800], Loss: 30.4642
2025-11-23 10:54:09,310 | main - INFO - Epoch [510/800], Loss: 30.5425
2025-11-23 10:54:09,575 | main - INFO - Epoch [520/800], Loss: 30.4636
2025-11-23 10:54:09,837 | main - INFO - Epoch [530/800], Loss: 30.3769
2025-11-23 10:54:10,100 | main - INFO - Epoch [540/800], Loss: 30.3396
2025-11-23 10:54:10,362 | main - INFO - Epoch [550/800], Loss: 30.3680
2025-11-23 10:54:10,624 | main - INFO - Epoch [560/800], Loss: 30.2418
2025-11-23 10:54:10,886 | main - INFO - Epoch [570/800], Loss: 30.1855
2025-11-23 10:54:11,147 | main - INFO - Epoch [580/800], Loss: 30.1956
2025-11-23 10:54:11,409 | main - INFO - Epoch [590/800], Loss: 30.2393
2025-11-23 10:54:11,671 | main - INFO - Epoch [600/800], Loss: 30.1082
2025-11-23 10:54:11,946 | main - INFO - Epoch [610/800], Loss: 30.1507
2025-11-23 10:54:12,208 | main - INFO - Epoch [620/800], Loss: 30.1114
2025-11-23 10:54:12,470 | main - INFO - Epoch [630/800], Loss: 30.1095
2025-11-23 10:54:12,732 | main - INFO - Epoch [640/800], Loss: 30.1725
2025-11-23 10:54:12,993 | main - INFO - Epoch [650/800], Loss: 30.0372
2025-11-23 10:54:13,255 | main - INFO - Epoch [660/800], Loss: 30.0057
2025-11-23 10:54:13,516 | main - INFO - Epoch [670/800], Loss: 29.9496
2025-11-23 10:54:13,778 | main - INFO - Epoch [680/800], Loss: 30.0520
2025-11-23 10:54:14,041 | main - INFO - Epoch [690/800], Loss: 29.8555
2025-11-23 10:54:14,303 | main - INFO - Epoch [700/800], Loss: 29.8287
2025-11-23 10:54:14,568 | main - INFO - Epoch [710/800], Loss: 29.8115
2025-11-23 10:54:14,831 | main - INFO - Epoch [720/800], Loss: 29.9131
2025-11-23 10:54:15,095 | main - INFO - Epoch [730/800], Loss: 29.8901
2025-11-23 10:54:15,357 | main - INFO - Epoch [740/800], Loss: 29.8863
2025-11-23 10:54:15,618 | main - INFO - Epoch [750/800], Loss: 29.6640
2025-11-23 10:54:15,885 | main - INFO - Epoch [760/800], Loss: 29.6633
2025-11-23 10:54:16,148 | main - INFO - Epoch [770/800], Loss: 29.7607
2025-11-23 10:54:16,411 | main - INFO - Epoch [780/800], Loss: 29.7707
2025-11-23 10:54:16,672 | main - INFO - Epoch [790/800], Loss: 29.6317
2025-11-23 10:54:16,934 | main - INFO - Epoch [800/800], Loss: 29.6966
2025-11-23 10:54:16,939 | main - INFO - Model and tokenizer saved to artefacts
2025-11-23 10:54:16,939 | main - INFO - Training history saved to artefacts/history.txt
